  ArrayOperations.cpp
A:\Ycheba\Ali\Studies\LiOAvIZ\SantaClaus\SantaClaus\SantaClaus\ArrayOperations.cpp(5,23): warning C4018: <: несоответствие типов со знаком и без знака
A:\Ycheba\Ali\Studies\LiOAvIZ\SantaClaus\SantaClaus\SantaClaus\ArrayOperations.cpp(8,24): warning C4018: <: несоответствие типов со знаком и без знака
A:\Ycheba\Ali\Studies\LiOAvIZ\SantaClaus\SantaClaus\SantaClaus\ArrayOperations.cpp(18,23): warning C4018: <: несоответствие типов со знаком и без знака
A:\Ycheba\Ali\Studies\LiOAvIZ\SantaClaus\SantaClaus\SantaClaus\ArrayOperations.cpp(22,24): warning C4018: <: несоответствие типов со знаком и без знака
A:\Ycheba\Ali\Studies\LiOAvIZ\SantaClaus\SantaClaus\SantaClaus\ArrayOperations.cpp(34,23): warning C4018: <: несоответствие типов со знаком и без знака
A:\Ycheba\Ali\Studies\LiOAvIZ\SantaClaus\SantaClaus\SantaClaus\ArrayOperations.cpp(39,24): warning C4018: <: несоответствие типов со знаком и без знака
A:\Ycheba\Ali\Studies\LiOAvIZ\SantaClaus\SantaClaus\SantaClaus\ArrayOperations.cpp(43,24): warning C4018: <: несоответствие типов со знаком и без знака
A:\Ycheba\Ali\Studies\LiOAvIZ\SantaClaus\SantaClaus\SantaClaus\ArrayOperations.cpp(55,23): warning C4018: <: несоответствие типов со знаком и без знака
A:\Ycheba\Ali\Studies\LiOAvIZ\SantaClaus\SantaClaus\SantaClaus\ArrayOperations.cpp(58,24): warning C4018: <: несоответствие типов со знаком и без знака
  FileWork.cpp
A:\Ycheba\Ali\Studies\LiOAvIZ\SantaClaus\SantaClaus\SantaClaus\FileWork.cpp(49,24): warning C4018: <: несоответствие типов со знаком и без знака
  QsortRecursive.cpp
  SantaClaus.cpp
A:\Ycheba\Ali\Studies\LiOAvIZ\SantaClaus\SantaClaus\SantaClaus\SantaClaus.cpp(5,12): warning C4244: аргумент: преобразование "time_t" в "unsigned int", возможна потеря данных
  UNISTable.cpp
  Создание кода
  32 of 330 functions ( 9.7%) were compiled, the rest were copied from previous compilation.
    8 functions were new in current compilation
    25 functions had inline decision re-evaluated but remain unchanged
  Создание кода завершено
  SantaClaus.vcxproj -> A:\Ycheba\Ali\Studies\LiOAvIZ\SantaClaus\SantaClaus\Release\SantaClaus.exe
